<?xml version="1.0" encoding="UTF-8"?>
<testng-results skipped="0" failed="0" total="2" passed="2">
  <reporter-output>
  </reporter-output>
  <suite name="Default suite" duration-ms="43244" started-at="2018-08-27T10:54:30Z" finished-at="2018-08-27T10:55:14Z">
    <groups>
    </groups>
    <test name="Default test" duration-ms="43244" started-at="2018-08-27T10:54:30Z" finished-at="2018-08-27T10:55:14Z">
      <class name="com.test.task.Main">
        <test-method status="PASS" signature="beforeTest()[pri:0, instance:com.test.task.Main@59f99ea]" name="beforeTest" is-config="true" duration-ms="4566" started-at="2018-08-27T16:24:30Z" finished-at="2018-08-27T16:24:35Z">
          <reporter-output>
          </reporter-output>
        </test-method> <!-- beforeTest -->
        <test-method status="PASS" signature="fileUpload()[pri:1, instance:com.test.task.Main@59f99ea]" name="fileUpload" duration-ms="33760" started-at="2018-08-27T16:24:35Z" finished-at="2018-08-27T16:25:09Z">
          <reporter-output>
          </reporter-output>
        </test-method> <!-- fileUpload -->
        <test-method status="PASS" signature="screenShot()[pri:2, instance:com.test.task.Main@59f99ea]" name="screenShot" duration-ms="4898" started-at="2018-08-27T16:25:09Z" finished-at="2018-08-27T16:25:14Z">
          <reporter-output>
          </reporter-output>
        </test-method> <!-- screenShot -->
      </class> <!-- com.test.task.Main -->
    </test> <!-- Default test -->
  </suite> <!-- Default suite -->
</testng-results>
